<?xml version="1.0" encoding="UTF-8"?>
<!-- Generated by org.testng.reporters.JUnitReportReporter -->
<testsuite hostname="Soundarya" failures="0" tests="3" name="testNG.Dependencies" time="0.002" errors="0" timestamp="2024-01-28T11:55:59 IST" skipped="0">
  <testcase classname="testNG.Dependencies" name="engineering" time="0.000"/>
  <testcase classname="testNG.Dependencies" name="highSchool" time="0.001"/>
  <testcase classname="testNG.Dependencies" name="higherSecondary" time="0.001"/>
</testsuite> <!-- testNG.Dependencies -->
