<?xml version="1.0" encoding="UTF-8"?>
<!-- Generated by org.testng.reporters.JUnitReportReporter -->
<testsuite hostname="Soundarya" failures="0" tests="1" name="testNG.Parameterization" time="0.011" errors="0" timestamp="2024-01-28T21:24:24 IST" skipped="0">
  <testcase classname="testNG.Parameterization" name="printName" time="0.011"/>
</testsuite> <!-- testNG.Parameterization -->
