<?xml version="1.0" encoding="UTF-8"?>
<!-- Generated by org.testng.reporters.JUnitReportReporter -->
<testsuite hostname="Soundarya" failures="0" tests="2" name="testNG.Sample_Testng" time="0.012" errors="0" timestamp="2024-01-28T15:28:05 IST" skipped="1">
  <testcase classname="testNG.Sample_Testng" name="secondTestCase" time="0.012"/>
  <testcase classname="testNG.Sample_Testng" name="firstTestCase">
    <skipped/>
  </testcase> <!-- firstTestCase -->
</testsuite> <!-- testNG.Sample_Testng -->
