<?xml version="1.0" encoding="UTF-8"?>
<!-- Generated by org.testng.reporters.JUnitReportReporter -->
<testsuite hostname="Soundarya" failures="0" tests="2" name="testNG.Parallel_Testing" time="6.455" errors="0" timestamp="2024-01-28T21:22:35 IST" skipped="0">
  <testcase classname="testNG.Parallel_Testing" name="openBing" time="2.717"/>
  <testcase classname="testNG.Parallel_Testing" name="openGoogle" time="3.738"/>
</testsuite> <!-- testNG.Parallel_Testing -->
