<?xml version="1.0" encoding="UTF-8"?>
<!-- Generated by org.testng.reporters.JUnitReportReporter -->
<testsuite hostname="Soundarya" failures="0" tests="2" name="testNG.Hierarchy" time="0.014" errors="0" timestamp="2024-01-28T15:12:26 IST" skipped="0">
  <testcase classname="testNG.Hierarchy" name="test1" time="0.010"/>
  <testcase classname="testNG.Hierarchy" name="test2" time="0.004"/>
</testsuite> <!-- testNG.Hierarchy -->
