<?xml version="1.0" encoding="UTF-8"?>
<!-- Generated by org.testng.reporters.JUnitReportReporter -->
<testsuite hostname="Soundarya" failures="0" tests="4" name="testNG.Grouping" time="0.016" errors="0" timestamp="2024-01-28T21:26:21 IST" skipped="0">
  <testcase classname="testNG.Grouping" name="moto1" time="0.010"/>
  <testcase classname="testNG.Grouping" name="vivo2" time="0.001"/>
  <testcase classname="testNG.Grouping" name="vivo1" time="0.002"/>
  <testcase classname="testNG.Grouping" name="moto2" time="0.003"/>
</testsuite> <!-- testNG.Grouping -->
