<?xml version="1.0" encoding="UTF-8"?>
<!-- Generated by org.testng.reporters.JUnitReportReporter -->
<testsuite hostname="Soundarya" failures="0" tests="3" name="testNG.TestSuite" time="5.385" errors="0" timestamp="2024-01-28T11:55:59 IST" skipped="0">
  <testcase classname="testNG.TestSuite" name="OpenBing" time="0.466"/>
  <testcase classname="testNG.TestSuite" name="OpenGoogle" time="1.737"/>
  <testcase classname="testNG.TestSuite" name="openYahoo" time="3.182"/>
</testsuite> <!-- testNG.TestSuite -->
