<?xml version="1.0" encoding="UTF-8"?>
<!-- Generated by org.testng.reporters.JUnitReportReporter -->
<testsuite hostname="Soundarya" failures="0" tests="1" name="extentReport.ExtentReportEx" time="2.859" errors="0" timestamp="2024-02-04T23:00:48 IST" skipped="0">
  <testcase classname="extentReport.ExtentReportEx" name="openGoogle" time="2.859"/>
</testsuite> <!-- extentReport.ExtentReportEx -->
